<?xml version="1.0" encoding="UTF-8"?>
<!-- Generated by org.testng.reporters.JUnitReportReporter -->
<testsuite hostname="use" failures="0" tests="1" name="com.vtiger.contact.Bjhj" time="0.033" errors="0" timestamp="2020-12-22T18:22:38 IST" skipped="0">
  <testcase classname="com.vtiger.contact.Bjhj" name="add" time="0.033"/>
  <system-out/>
</testsuite> <!-- com.vtiger.contact.Bjhj -->
