<?xml version="1.0" encoding="UTF-8"?>
<!-- Generated by org.testng.reporters.JUnitReportReporter -->
<testsuite skipped="0" hostname="use" name="com.vtiger.contact.Createcontact" tests="4" failures="0" timestamp="2020-12-22T19:16:04 IST" time="0.035" errors="0">
  <testcase name="sub" time="0.005" classname="com.vtiger.contact.Createcontact"/>
  <system-out/>
  <testcase name="div" time="0.022" classname="com.vtiger.contact.Createcontact"/>
  <system-out/>
  <testcase name="mul" time="0.005" classname="com.vtiger.contact.Createcontact"/>
  <system-out/>
  <testcase name="sum" time="0.003" classname="com.vtiger.contact.Createcontact"/>
  <system-out/>
</testsuite> <!-- com.vtiger.contact.Createcontact -->
