<?xml version="1.0" encoding="UTF-8"?>
<!-- Generated by org.testng.reporters.JUnitReportReporter -->
<testsuite skipped="0" hostname="use" name="com.vtiger.contact.CreatecontactTest" tests="4" failures="0" timestamp="22 Dec 2020 16:32:51 GMT" time="0.089" errors="0">
  <testcase name="sub" time="0.000" classname="com.vtiger.contact.CreatecontactTest"/>
  <testcase name="div" time="0.083" classname="com.vtiger.contact.CreatecontactTest"/>
  <testcase name="sum" time="0.001" classname="com.vtiger.contact.CreatecontactTest"/>
  <testcase name="mul" time="0.005" classname="com.vtiger.contact.CreatecontactTest"/>
</testsuite> <!-- com.vtiger.contact.CreatecontactTest -->
